<?xml version="1.0" encoding="UTF-8"?><testsuite errors="0" failures="1" name="Get without authentificathion" skipped="0" tests="1" time="10.28" timestamp="2021-07-09 10:28:04"><testcase name="Title of your scenario"><failure message="1 expectation failed.&#10;JSON path page doesn't match.&#10;Expected: a collection containing &lt;2&gt;&#10;  Actual: 2&#10;" type="java.lang.AssertionError">1 expectation failed.
JSON path page doesn't match.
Expected: a collection containing &lt;2&gt;
  Actual: 2
</failure><system-err>1 expectation failed.
JSON path page doesn't match.
Expected: a collection containing &lt;2&gt;
  Actual: 2
&#13;
com.sophossolutions.stepdefinitions.GetWithoutAuthStepDefinitions.iValidateThatTheCodeAndAreOfPage(GetWithoutAuthStepDefinitions.java:38)&#13;
âœ½.I validate that the code 200 and are of page "2"(file:///C:/Users/elber.ceballos/Documents/trabajos%20en%20grupo/SemilleroScreenPlayPractica/ProyectoTiendaMascotas/lib/src/test/resources/com/sophossolutions/features/get_without_auth.feature:11)&#13;
</system-err></testcase></testsuite>