<?xml version="1.0" encoding="UTF-8"?><testsuite errors="0" failures="1" name="Comprobar los datos en la orden de compra de la tienda de mascotas" skipped="0" tests="1" time="22.68" timestamp="2021-07-08 10:24:51"><testcase name="Quiero generar una orden de compra y verificar los datos"><failure message="&#10;Expected: &quot;true&quot;&#10;     but: was &quot;false&quot;" type="java.lang.AssertionError">
Expected: "true"
     but: was "false"</failure><system-err>
Expected: "true"
     but: was "false"&#13;
com.sophossolutions.stepdefinitions.BuyRequestStepDefinitions.esperoVerLosDatosCorrespondientesAMiCompra(BuyRequestStepDefinitions.java:48)&#13;
✽.Espero ver los datos correspondientes a mi compra(file:///C:/Documentos_Andres_Semillero/Practica%20Screemplay/Preactica%20Final/SemilleroScreenPlayPractica/TiendaMascotasSP/src/test/resources/features/finishBuyRequest.feature:17)&#13;
</system-err></testcase></testsuite>