<?xml version="1.0" encoding="UTF-8"?><testsuite errors="1" failures="0" name="Buscar un producto" skipped="0" tests="1" time="43.62" timestamp="2021-06-28 05:32:30"><testcase name="Buscar producto"><error message="no such element: Unable to locate element: {&quot;method&quot;:&quot;xpath&quot;,&quot;selector&quot;:&quot;//div[22][@class='_1OUGS']//div[@class='_2mXVg _89Qo8']//a//span&quot;}&#10;  (Session info: chrome=91.0.4472.114)&#10;For documentation on this error, please visit: https://www.seleniumhq.org/exceptions/no_such_element.html&#10;Build info: version: '3.141.59', revision: 'e82be7d358', time: '2018-11-14T08:17:03'&#10;System info: host: 'SSMED5CG1081FB1', ip: '192.168.0.18', os.name: 'Windows 10', os.arch: 'amd64', os.version: '10.0', java.version: '1.8.0_291'&#10;Driver info: org.openqa.selenium.chrome.ChromeDriver&#10;Capabilities {acceptInsecureCerts: false, browserName: chrome, browserVersion: 91.0.4472.114, chrome: {chromedriverVersion: 91.0.4472.101 (af52a90bf870..., userDataDir: C:\Users\ANGEL~1.VIV\AppDat...}, goog:chromeOptions: {debuggerAddress: localhost:58339}, javascriptEnabled: true, networkConnectionEnabled: false, pageLoadStrategy: normal, platform: WINDOWS, platformName: WINDOWS, proxy: Proxy(), setWindowRect: true, strictFileInteractability: false, timeouts: {implicit: 0, pageLoad: 300000, script: 30000}, unhandledPromptBehavior: dismiss and notify, webauthn:extension:largeBlob: true, webauthn:virtualAuthenticators: true}&#10;Session ID: f18596a7deedef7e112c00da47ef9085&#10;*** Element info: {Using=xpath, value=//div[22][@class='_1OUGS']//div[@class='_2mXVg _89Qo8']//a//span}" type="java.lang.AssertionError">no such element: Unable to locate element: {"method":"xpath","selector":"//div[22][@class='_1OUGS']//div[@class='_2mXVg _89Qo8']//a//span"}
  (Session info: chrome=91.0.4472.114)
For documentation on this error, please visit: https://www.seleniumhq.org/exceptions/no_such_element.html
Build info: version: '3.141.59', revision: 'e82be7d358', time: '2018-11-14T08:17:03'
System info: host: 'SSMED5CG1081FB1', ip: '192.168.0.18', os.name: 'Windows 10', os.arch: 'amd64', os.version: '10.0', java.version: '1.8.0_291'
Driver info: org.openqa.selenium.chrome.ChromeDriver
Capabilities {acceptInsecureCerts: false, browserName: chrome, browserVersion: 91.0.4472.114, chrome: {chromedriverVersion: 91.0.4472.101 (af52a90bf870..., userDataDir: C:\Users\ANGEL~1.VIV\AppDat...}, goog:chromeOptions: {debuggerAddress: localhost:58339}, javascriptEnabled: true, networkConnectionEnabled: false, pageLoadStrategy: normal, platform: WINDOWS, platformName: WINDOWS, proxy: Proxy(), setWindowRect: true, strictFileInteractability: false, timeouts: {implicit: 0, pageLoad: 300000, script: 30000}, unhandledPromptBehavior: dismiss and notify, webauthn:extension:largeBlob: true, webauthn:virtualAuthenticators: true}
Session ID: f18596a7deedef7e112c00da47ef9085
*** Element info: {Using=xpath, value=//div[22][@class='_1OUGS']//div[@class='_2mXVg _89Qo8']//a//span}</error><system-err>no such element: Unable to locate element: {"method":"xpath","selector":"//div[22][@class='_1OUGS']//div[@class='_2mXVg _89Qo8']//a//span"}
  (Session info: chrome=91.0.4472.114)
For documentation on this error, please visit: https://www.seleniumhq.org/exceptions/no_such_element.html
Build info: version: '3.141.59', revision: 'e82be7d358', time: '2018-11-14T08:17:03'
System info: host: 'SSMED5CG1081FB1', ip: '192.168.0.18', os.name: 'Windows 10', os.arch: 'amd64', os.version: '10.0', java.version: '1.8.0_291'
Driver info: org.openqa.selenium.chrome.ChromeDriver
Capabilities {acceptInsecureCerts: false, browserName: chrome, browserVersion: 91.0.4472.114, chrome: {chromedriverVersion: 91.0.4472.101 (af52a90bf870..., userDataDir: C:\Users\ANGEL~1.VIV\AppDat...}, goog:chromeOptions: {debuggerAddress: localhost:58339}, javascriptEnabled: true, networkConnectionEnabled: false, pageLoadStrategy: normal, platform: WINDOWS, platformName: WINDOWS, proxy: Proxy(), setWindowRect: true, strictFileInteractability: false, timeouts: {implicit: 0, pageLoad: 300000, script: 30000}, unhandledPromptBehavior: dismiss and notify, webauthn:extension:largeBlob: true, webauthn:virtualAuthenticators: true}
Session ID: f18596a7deedef7e112c00da47ef9085
*** Element info: {Using=xpath, value=//div[22][@class='_1OUGS']//div[@class='_2mXVg _89Qo8']//a//span}&#13;
com.sophos.semillero.stepdefinitions.AliExpressStepDefinitions.mostrarTresArticulosConIndice(AliExpressStepDefinitions.java:42)&#13;
✽.Mostrar tres articulos con indice 22,40,60(file:///C:/Users/angel.vivas/Documents/Sophos/Semillero%20Automatización/MyProjects%20GIT/Gradle/SemilleroScreenPlay/ScTestJava/lib/src/test/resources/features/AliExpress.feature:7)&#13;
</system-err></testcase></testsuite>