<?xml version="1.0" encoding="UTF-8"?><testsuite errors="1" failures="0" name="Post With Authentification" skipped="0" tests="1" time="1.11" timestamp="2021-07-02 10:07:22"><testcase name="Title of your scenario"><error message="Could not initialize class org.codehaus.groovy.reflection.ReflectionCache" type="java.lang.NoClassDefFoundError">Could not initialize class org.codehaus.groovy.reflection.ReflectionCache</error><system-err>Could not initialize class org.codehaus.groovy.reflection.ReflectionCache&#13;
groovy.lang.GroovySystem.&lt;clinit&gt;(GroovySystem.java:36)&#13;
io.restassured.internal.ResponseParserRegistrar.&lt;init&gt;(ResponseParserRegistrar.groovy)&#13;
io.restassured.RestAssured.&lt;clinit&gt;(RestAssured.java:346)&#13;
net.serenitybdd.rest.SerenityRest.given(SerenityRest.java:215)&#13;
com.sophos.semillero.tasks.GetWith.performAs(GetWith.java:22)&#13;
com.sophos.semillero.stepdefinitions.PostWithAuthStepDefinitions.heRequestsToTheEndpoint(PostWithAuthStepDefinitions.java:34)&#13;
io.cucumber.java.Invoker.invoke(Invoker.java:27)&#13;
io.cucumber.java.JavaStepDefinition.execute(JavaStepDefinition.java:27)&#13;
io.cucumber.core.runner.PickleStepDefinitionMatch.runStep(PickleStepDefinitionMatch.java:63)&#13;
io.cucumber.core.runner.TestStep.executeStep(TestStep.java:64)&#13;
io.cucumber.core.runner.TestStep.run(TestStep.java:49)&#13;
io.cucumber.core.runner.PickleStepTestStep.run(PickleStepTestStep.java:46)&#13;
io.cucumber.core.runner.TestCase.run(TestCase.java:51)&#13;
io.cucumber.core.runner.Runner.runPickle(Runner.java:67)&#13;
io.cucumber.junit.FeatureRunner.runChild(FeatureRunner.java:83)&#13;
io.cucumber.junit.FeatureRunner.runChild(FeatureRunner.java:24)&#13;
io.cucumber.junit.CucumberSerenityRunner.runChild(CucumberSerenityRunner.java:227)&#13;
io.cucumber.junit.CucumberSerenityRunner.runChild(CucumberSerenityRunner.java:54)&#13;
org.eclipse.jdt.internal.junit4.runner.JUnit4TestReference.run(JUnit4TestReference.java:89)&#13;
org.eclipse.jdt.internal.junit.runner.TestExecution.run(TestExecution.java:40)&#13;
org.eclipse.jdt.internal.junit.runner.RemoteTestRunner.runTests(RemoteTestRunner.java:541)&#13;
org.eclipse.jdt.internal.junit.runner.RemoteTestRunner.runTests(RemoteTestRunner.java:768)&#13;
org.eclipse.jdt.internal.junit.runner.RemoteTestRunner.run(RemoteTestRunner.java:464)&#13;
org.eclipse.jdt.internal.junit.runner.RemoteTestRunner.main(RemoteTestRunner.java:210)&#13;
</system-err></testcase></testsuite>