<?xml version="1.0" encoding="UTF-8"?><testsuite errors="1" failures="0" name="Try update cart" skipped="0" tests="1" time="12.43" timestamp="2021-07-07 06:08:58"><testcase name="update cart"><error message="Cannot invoke &quot;Object.toString()&quot; because the return value of &quot;net.serenitybdd.screenplay.Actor.recall(String)&quot; is null" type="java.lang.NullPointerException">Cannot invoke "Object.toString()" because the return value of "net.serenitybdd.screenplay.Actor.recall(String)" is null</error><system-err>Cannot invoke "Object.toString()" because the return value of "net.serenitybdd.screenplay.Actor.recall(String)" is null&#13;
com.sophossolutions.stepdefinitions.UpdateCarAmmountStepDefinitions.iWantToSelectPets(UpdateCarAmmountStepDefinitions.java:36)&#13;
✽.I want to select 5 pets(file:///C:/Users/santiago.espinal/Desktop/JPetStore/WorkSpace/JPetStore/src/test/resources/com/sophossolutions/features/update_car_ammount.feature:14)&#13;
</system-err></testcase></testsuite>