<?xml version="1.0" encoding="UTF-8"?><testsuite errors="0" failures="1" name="Post Without Authentification" skipped="0" tests="4" time="10.43" timestamp="2021-07-08 04:02:51"><testcase name="Title of your scenario"><failure message="&#10;Expected: &quot;404&quot;&#10;     but: was &quot;200&quot;" type="java.lang.AssertionError">
Expected: "404"
     but: was "200"</failure><system-err>
Expected: "404"
     but: was "200"&#13;
com.sophossolutions.stepdefinitions.GetRequestWithoutAuthenticationStepDefinitions.heShouldValidateThatTheStatusCodeIs(GetRequestWithoutAuthenticationStepDefinitions.java:42)&#13;
✽.he should validate that the status code is 404(file:///C:/Users/juan.blanco/Documents/semilleroTesting/SemilleroScreenPlayPractica/JPetStore/src/test/resources/com/sophossolutions/features/get_request_without_authentication.feature:10)&#13;
</system-err></testcase></testsuite>